<?xml version="1.0" encoding="UTF-8"?>
<!-- Generated by org.testng.reporters.JUnitReportReporter -->
<testsuite hostname="Riyaans-MacBook-Air.local" failures="0" tests="6" name="com.test.DataProviderExample" time="0.025" errors="0" timestamp="2021-11-16T10:24:29 IST" skipped="0">
  <testcase classname="com.test.DataProviderExample" name="search1" time="0.003"/>
  <system-out>
    <![CDATA[Keyword entered is : Selenium Delhi India]]>
  </system-out>
  <testcase classname="com.test.DataProviderExample" name="search1" time="0.004"/>
  <system-out>
    <![CDATA[Keyword entered is : QTP Bangalore UK]]>
  </system-out>
  <testcase classname="com.test.DataProviderExample" name="search" time="0.001"/>
  <system-out>
    <![CDATA[Keyword entered is : LoadRunner Chennai]]>
  </system-out>
  <testcase classname="com.test.DataProviderExample" name="search" time="0.003"/>
  <system-out>
    <![CDATA[Keyword entered is : QTP Bangalore]]>
  </system-out>
  <testcase classname="com.test.DataProviderExample" name="search" time="0.012"/>
  <system-out>
    <![CDATA[Keyword entered is : Selenium Delhi]]>
  </system-out>
  <testcase classname="com.test.DataProviderExample" name="search1" time="0.002"/>
  <system-out>
    <![CDATA[Keyword entered is : LoadRunner Chennai USA]]>
  </system-out>
</testsuite> <!-- com.test.DataProviderExample -->
