<?xml version="1.0" encoding="UTF-8"?>
<!-- Generated by org.testng.reporters.JUnitReportReporter -->
<testsuite hostname="Riyaans-MacBook-Air.local" failures="0" tests="3" name="TestDataPackage.TestDataClass" time="0.012" errors="0" timestamp="2021-11-16T08:48:41 IST" skipped="0">
  <testcase classname="TestDataPackage.TestDataClass" name="search1" time="0.010"/>
  <system-out>
    <![CDATA[Keyword entered is : Selenium Delhi India]]>
  </system-out>
  <testcase classname="TestDataPackage.TestDataClass" name="search1" time="0.001"/>
  <system-out>
    <![CDATA[Keyword entered is : QTP Bangalore UK]]>
  </system-out>
  <testcase classname="TestDataPackage.TestDataClass" name="search1" time="0.001"/>
  <system-out>
    <![CDATA[Keyword entered is : LoadRunner Chennai USA]]>
  </system-out>
</testsuite> <!-- TestDataPackage.TestDataClass -->
