<?xml version="1.0" encoding="UTF-8"?>
<!-- Generated by org.testng.reporters.JUnitReportReporter -->
<testsuite hostname="Riyaans-MacBook-Air.local" failures="0" tests="2" name="com.test.priorityTestRun" time="0.001" errors="0" timestamp="2021-11-16T10:24:29 IST" skipped="0">
  <testcase classname="com.test.priorityTestRun" name="a_method" time="0.000"/>
  <system-out/>
  <testcase classname="com.test.priorityTestRun" name="b_method" time="0.001"/>
  <system-out/>
</testsuite> <!-- com.test.priorityTestRun -->
