<?xml version="1.0" encoding="UTF-8"?>
<!-- Generated by org.testng.reporters.JUnitReportReporter -->
<testsuite hostname="Riyaans-MacBook-Air.local" failures="0" tests="1" name="Utility.test" time="7.797" errors="0" timestamp="2021-11-15T20:14:47 IST" skipped="0">
  <testcase classname="Utility.test" name="test" time="7.797"/>
  <system-out/>
</testsuite> <!-- Utility.test -->
