<?xml version="1.0" encoding="UTF-8"?>
<!-- Generated by org.testng.reporters.JUnitReportReporter -->
<testsuite hostname="Riyaans-MacBook-Air.local" failures="0" tests="3" name="com.test.group_test" time="0.003" errors="0" timestamp="2021-11-16T10:24:29 IST" skipped="0">
  <testcase classname="com.test.group_test" name="checkTitle" time="0.001"/>
  <system-out/>
  <testcase classname="com.test.group_test" name="click_element" time="0.002"/>
  <system-out/>
  <testcase classname="com.test.group_test" name="starting_point" time="0.000"/>
  <system-out/>
</testsuite> <!-- com.test.group_test -->
