<?xml version="1.0" encoding="UTF-8"?>
<!-- Generated by org.testng.reporters.JUnitReportReporter -->
<testsuite hostname="Riyaans-MacBook-Air.local" failures="0" tests="1" name="com.test.TestCaseExample" time="0.001" errors="0" timestamp="2021-11-16T10:24:29 IST" skipped="0">
  <testcase classname="com.test.TestCaseExample" name="myTest" time="0.001"/>
  <system-out/>
</testsuite> <!-- com.test.TestCaseExample -->
