<?xml version="1.0" encoding="UTF-8"?>
<!-- Generated by org.testng.reporters.JUnitReportReporter -->
<testsuite hostname="Riyaans-MacBook-Air.local" failures="0" tests="1" name="Parameter.ParameterTest" time="0.009" errors="0" timestamp="2021-11-16T10:21:52 IST" skipped="0">
  <testcase classname="Parameter.ParameterTest" name="TestCaseParameter" time="0.009"/>
  <system-out/>
</testsuite> <!-- Parameter.ParameterTest -->
